#
# A fatal error has been detected by the Java Runtime Environment:
#
#  EXCEPTION_ACCESS_VIOLATION (0xc0000005) at pc=0x6ebd78ae, pid=20164, tid=0x00006170
#
# JRE version: Java(TM) SE Runtime Environment (8.0_191-b12) (build 1.8.0_191-b12)
# Java VM: Java HotSpot(TM) Client VM (25.191-b12 mixed mode windows-x86 )
# Problematic frame:
# V  [jvm.dll+0xe78ae]
#
# Failed to write core dump. Minidumps are not enabled by default on client versions of Windows
#
# If you would like to submit a bug report, please visit:
#   http://bugreport.java.com/bugreport/crash.jsp
#

---------------  T H R E A D  ---------------

Current thread (0x29d20000):  JavaThread "EventThread COM4" [_thread_in_vm, id=24944, stack(0x02f70000,0x02fc0000)]

siginfo: ExceptionCode=0xc0000005, reading address 0x00000000

Registers:
EAX=0x00000000, EBX=0x29d20140, ECX=0x29d20000, EDX=0x0000009f
ESP=0x02fbf59c, EBP=0x02fbf5b8, ESI=0x00000000, EDI=0x29d20000
EIP=0x6ebd78ae, EFLAGS=0x00010246

Top of Stack: (sp=0x02fbf59c)
0x02fbf59c:   29cfd61c 00000001 29d20140 29d20000
0x02fbf5ac:   29d78bd4 0000009f 6edd5568 00000000
0x02fbf5bc:   64001da9 29d20140 00000000 00000000
0x02fbf5cc:   00000002 02fbf624 02fbf5e0 02fbf618
0x02fbf5dc:   031247c4 00000000 28fef558 00000066
0x02fbf5ec:   00000001 00000000 00000000 00000000
0x02fbf5fc:   29cfd618 00000000 00000000 00000000
0x02fbf60c:   00000000 00000000 02fbf620 00000001 

Instructions: (pc=0x6ebd78ae)
0x6ebd788e:   c4 08 83 7f 04 00 89 7d f0 c7 45 f4 00 00 00 00
0x6ebd789e:   74 08 8d 4d f0 e8 b8 31 0c 00 8b 75 10 8b 45 0c
0x6ebd78ae:   8b 10 85 f6 78 32 8b 45 14 85 c0 78 2b 8d 0c 06
0x6ebd78be:   3b 4a 08 77 23 85 c0 7e 3b 8b 4a 04 8b 49 04 83 


Register to memory mapping:

EAX=0x00000000 is an unknown value
EBX=0x29d20140 is an unknown value
ECX=0x29d20000 is a thread
EDX=0x0000009f is an unknown value
ESP=0x02fbf59c is pointing into the stack for thread: 0x29d20000
EBP=0x02fbf5b8 is pointing into the stack for thread: 0x29d20000
ESI=0x00000000 is an unknown value
EDI=0x29d20000 is a thread


Stack: [0x02f70000,0x02fc0000],  sp=0x02fbf59c,  free space=317k
Native frames: (J=compiled Java code, j=interpreted, Vv=VM code, C=native code)
V  [jvm.dll+0xe78ae]
C  [jSSC-2.8_x86.dll+0x1da9]

Java frames: (J=compiled Java code, j=interpreted, Vv=VM code)
j  jssc.SerialNativeInterface.waitEvents(J)[[I+0
J 9391 C1 jssc.SerialPort$EventThread.run()V (84 bytes) @ 0x032e02dc [0x032e0280+0x5c]
v  ~StubRoutines::call_stub

---------------  P R O C E S S  ---------------

Java Threads: ( => current thread )
=>0x29d20000 JavaThread "EventThread COM4" [_thread_in_vm, id=24944, stack(0x02f70000,0x02fc0000)]
  0x29d22000 JavaThread "DestroyJavaVM" [_thread_blocked, id=21272, stack(0x03060000,0x030b0000)]
  0x29d21400 JavaThread "TimerQueue" daemon [_thread_blocked, id=11928, stack(0x2aba0000,0x2abf0000)]
  0x29877800 JavaThread "Batik CleanerThread" daemon [_thread_blocked, id=4592, stack(0x28930000,0x28980000)]
  0x29878800 JavaThread "AWT-EventQueue-0" [_thread_blocked, id=20824, stack(0x28760000,0x287b0000)]
  0x29879000 JavaThread "AWT-Shutdown" [_thread_blocked, id=6848, stack(0x27e40000,0x27e90000)]
  0x29799400 JavaThread "JmDNS(DESKTOP-35LL56O.local.).State.Timer" [_thread_blocked, id=1512, stack(0x28300000,0x28350000)]
  0x29799000 JavaThread "JmDNS(DESKTOP-35LL56O.local.).Timer" daemon [_thread_blocked, id=10596, stack(0x28270000,0x282c0000)]
  0x2978a000 JavaThread "SocketListener(DESKTOP-35LL56O.local.)" daemon [_thread_in_native, id=24008, stack(0x281e0000,0x28230000)]
  0x296d1400 JavaThread "Multihomed mDNS.Timer" daemon [_thread_blocked, id=16596, stack(0x273b0000,0x27400000)]
  0x296d1c00 JavaThread "cc.arduino.packages.discoverers.serial.SerialDiscovery" [_thread_blocked, id=23968, stack(0x27db0000,0x27e00000)]
  0x26f52800 JavaThread "AWT-Windows" daemon [_thread_blocked, id=17004, stack(0x27440000,0x27490000)]
  0x26f50400 JavaThread "Java2D Disposer" daemon [_thread_blocked, id=19184, stack(0x27320000,0x27370000)]
  0x25be7400 JavaThread "Service Thread" daemon [_thread_blocked, id=8380, stack(0x26bc0000,0x26c10000)]
  0x25bc0c00 JavaThread "C1 CompilerThread0" daemon [_thread_blocked, id=8200, stack(0x26b30000,0x26b80000)]
  0x25bbec00 JavaThread "Attach Listener" daemon [_thread_blocked, id=14912, stack(0x26aa0000,0x26af0000)]
  0x25badc00 JavaThread "Signal Dispatcher" daemon [_thread_blocked, id=23416, stack(0x26a10000,0x26a60000)]
  0x25babc00 JavaThread "Finalizer" daemon [_thread_blocked, id=17692, stack(0x259e0000,0x25a30000)]
  0x25ba5c00 JavaThread "Reference Handler" daemon [_thread_blocked, id=20608, stack(0x25950000,0x259a0000)]

Other Threads:
  0x25b90400 VMThread [stack: 0x053a0000,0x053f0000] [id=11128]
  0x25bcb400 WatcherThread [stack: 0x26c50000,0x26ca0000] [id=11752]

VM state:synchronizing (normal execution)

VM Mutex/Monitor currently owned by a thread:  ([mutex/lock_event])
[0x00e3da30] Threads_lock - owner thread: 0x25b90400
[0x00e3d688] Heap_lock - owner thread: 0x29799400

Heap:
 def new generation   total 157248K, used 157247K [0x05400000, 0x0fea0000, 0x0fea0000)
  eden space 139776K, 100% used [0x05400000, 0x0dc80000, 0x0dc80000)
  from space 17472K,  99% used [0x0dc80000, 0x0ed8fff0, 0x0ed90000)
  to   space 17472K,   0% used [0x0ed90000, 0x0ed90000, 0x0fea0000)
 tenured generation   total 349568K, used 349567K [0x0fea0000, 0x25400000, 0x25400000)
   the space 349568K,  99% used [0x0fea0000, 0x253ffff0, 0x25400000, 0x25400000)
 Metaspace       used 25761K, capacity 26325K, committed 26496K, reserved 27008K

Card table byte_map: [0x05250000,0x05360000] byte_map_base: 0x05226000

Polling page: 0x01660000

CodeCache: size=32768Kb used=2237Kb max_used=5445Kb free=30530Kb
 bounds [0x03120000, 0x03680000, 0x05120000]
 total_blobs=1306 nmethods=1010 adapters=224
 compilation: enabled

Compilation events (10 events):
Event: 87320.044 Thread 0x25bc0c00 79064             java.lang.String::equals (81 bytes)
Event: 87320.045 Thread 0x25bc0c00 nmethod 79064 0x0361b3c8 code [0x0361b4d0, 0x0361b650]
Event: 87321.670 Thread 0x25bc0c00 79065             java.nio.HeapByteBuffer::ix (7 bytes)
Event: 87321.671 Thread 0x25bc0c00 nmethod 79065 0x031f0bc8 code [0x031f0cc0, 0x031f0d40]
Event: 87324.071 Thread 0x25bc0c00 79066             java.awt.font.TextMeasurer::ensureComponents (23 bytes)
Event: 87324.071 Thread 0x25bc0c00 nmethod 79066 0x03219608 code [0x03219700, 0x032197ac]
Event: 87324.071 Thread 0x25bc0c00 79067             sun.font.ExtendedTextSourceLabel::createGV (79 bytes)
Event: 87324.072 Thread 0x25bc0c00 nmethod 79067 0x03675c48 code [0x03675da0, 0x03675f84]
Event: 87327.422 Thread 0x25bc0c00 79068             javax.jmdns.impl.DNSCache::allValues (54 bytes)
Event: 87327.423 Thread 0x25bc0c00 nmethod 79068 0x032fcc88 code [0x032fcdd0, 0x032fcff0]

GC Heap History (10 events):
Event: 87333.454 GC heap before
{Heap before GC invocations=2697 (full 1789):
 def new generation   total 157248K, used 157245K [0x05400000, 0x0fea0000, 0x0fea0000)
  eden space 139776K, 100% used [0x05400000, 0x0dc80000, 0x0dc80000)
  from space 17472K,  99% used [0x0dc80000, 0x0ed8f6f0, 0x0ed90000)
  to   space 17472K,   0% used [0x0ed90000, 0x0ed90000, 0x0fea0000)
 tenured generation   total 349568K, used 349567K [0x0fea0000, 0x25400000, 0x25400000)
   the space 349568K,  99% used [0x0fea0000, 0x253ffff0, 0x25400000, 0x25400000)
 Metaspace       used 25761K, capacity 26325K, committed 26496K, reserved 27008K
Event: 87333.751 GC heap after
Heap after GC invocations=2698 (full 1790):
 def new generation   total 157248K, used 157237K [0x05400000, 0x0fea0000, 0x0fea0000)
  eden space 139776K, 100% used [0x05400000, 0x0dc80000, 0x0dc80000)
  from space 17472K,  99% used [0x0dc80000, 0x0ed8d718, 0x0ed90000)
  to   space 17472K,   0% used [0x0ed90000, 0x0ed90000, 0x0fea0000)
 tenured generation   total 349568K, used 349567K [0x0fea0000, 0x25400000, 0x25400000)
   the space 349568K,  99% used [0x0fea0000, 0x253ffff0, 0x25400000, 0x25400000)
 Metaspace       used 25761K, capacity 26325K, committed 26496K, reserved 27008K
}
Event: 87333.751 GC heap before
{Heap before GC invocations=2698 (full 1790):
 def new generation   total 157248K, used 157247K [0x05400000, 0x0fea0000, 0x0fea0000)
  eden space 139776K, 100% used [0x05400000, 0x0dc80000, 0x0dc80000)
  from space 17472K,  99% used [0x0dc80000, 0x0ed8fff8, 0x0ed90000)
  to   space 17472K,   0% used [0x0ed90000, 0x0ed90000, 0x0fea0000)
 tenured generation   total 349568K, used 349568K [0x0fea0000, 0x25400000, 0x25400000)
   the space 349568K, 100% used [0x0fea0000, 0x25400000, 0x25400000, 0x25400000)
 Metaspace       used 25761K, capacity 26325K, committed 26496K, reserved 27008K
Event: 87334.028 GC heap after
Heap after GC invocations=2699 (full 1791):
 def new generation   total 157248K, used 157247K [0x05400000, 0x0fea0000, 0x0fea0000)
  eden space 139776K, 100% used [0x05400000, 0x0dc80000, 0x0dc80000)
  from space 17472K,  99% used [0x0dc80000, 0x0ed8ff60, 0x0ed90000)
  to   space 17472K,   0% used [0x0ed90000, 0x0ed90000, 0x0fea0000)
 tenured generation   total 349568K, used 349568K [0x0fea0000, 0x25400000, 0x25400000)
   the space 349568K, 100% used [0x0fea0000, 0x25400000, 0x25400000, 0x25400000)
 Metaspace       used 25761K, capacity 26325K, committed 26496K, reserved 27008K
}
Event: 87334.028 GC heap before
{Heap before GC invocations=2699 (full 1791):
 def new generation   total 157248K, used 157247K [0x05400000, 0x0fea0000, 0x0fea0000)
  eden space 139776K, 100% used [0x05400000, 0x0dc80000, 0x0dc80000)
  from space 17472K,  99% used [0x0dc80000, 0x0ed8fff0, 0x0ed90000)
  to   space 17472K,   0% used [0x0ed90000, 0x0ed90000, 0x0fea0000)
 tenured generation   total 349568K, used 349568K [0x0fea0000, 0x25400000, 0x25400000)
   the space 349568K, 100% used [0x0fea0000, 0x25400000, 0x25400000, 0x25400000)
 Metaspace       used 25761K, capacity 26325K, committed 26496K, reserved 27008K
Event: 87334.328 GC heap after
Heap after GC invocations=2700 (full 1792):
 def new generation   total 157248K, used 157247K [0x05400000, 0x0fea0000, 0x0fea0000)
  eden space 139776K, 100% used [0x05400000, 0x0dc80000, 0x0dc80000)
  from space 17472K,  99% used [0x0dc80000, 0x0ed8ffc8, 0x0ed90000)
  to   space 17472K,   0% used [0x0ed90000, 0x0ed90000, 0x0fea0000)
 tenured generation   total 349568K, used 349567K [0x0fea0000, 0x25400000, 0x25400000)
   the space 349568K,  99% used [0x0fea0000, 0x253ffff0, 0x25400000, 0x25400000)
 Metaspace       used 25761K, capacity 26325K, committed 26496K, reserved 27008K
}
Event: 87334.328 GC heap before
{Heap before GC invocations=2700 (full 1792):
 def new generation   total 157248K, used 157247K [0x05400000, 0x0fea0000, 0x0fea0000)
  eden space 139776K, 100% used [0x05400000, 0x0dc80000, 0x0dc80000)
  from space 17472K,  99% used [0x0dc80000, 0x0ed8fff0, 0x0ed90000)
  to   space 17472K,   0% used [0x0ed90000, 0x0ed90000, 0x0fea0000)
 tenured generation   total 349568K, used 349567K [0x0fea0000, 0x25400000, 0x25400000)
   the space 349568K,  99% used [0x0fea0000, 0x253ffff0, 0x25400000, 0x25400000)
 Metaspace       used 25761K, capacity 26325K, committed 26496K, reserved 27008K
Event: 87334.598 GC heap after
Heap after GC invocations=2701 (full 1793):
 def new generation   total 157248K, used 157247K [0x05400000, 0x0fea0000, 0x0fea0000)
  eden space 139776K, 100% used [0x05400000, 0x0dc80000, 0x0dc80000)
  from space 17472K,  99% used [0x0dc80000, 0x0ed8fff0, 0x0ed90000)
  to   space 17472K,   0% used [0x0ed90000, 0x0ed90000, 0x0fea0000)
 tenured generation   total 349568K, used 349567K [0x0fea0000, 0x25400000, 0x25400000)
   the space 349568K,  99% used [0x0fea0000, 0x253ffff0, 0x25400000, 0x25400000)
 Metaspace       used 25761K, capacity 26325K, committed 26496K, reserved 27008K
}
Event: 87334.599 GC heap before
{Heap before GC invocations=2701 (full 1793):
 def new generation   total 157248K, used 157247K [0x05400000, 0x0fea0000, 0x0fea0000)
  eden space 139776K, 100% used [0x05400000, 0x0dc80000, 0x0dc80000)
  from space 17472K,  99% used [0x0dc80000, 0x0ed8fff0, 0x0ed90000)
  to   space 17472K,   0% used [0x0ed90000, 0x0ed90000, 0x0fea0000)
 tenured generation   total 349568K, used 349567K [0x0fea0000, 0x25400000, 0x25400000)
   the space 349568K,  99% used [0x0fea0000, 0x253ffff0, 0x25400000, 0x25400000)
 Metaspace       used 25761K, capacity 26325K, committed 26496K, reserved 27008K
Event: 87334.895 GC heap after
Heap after GC invocations=2702 (full 1794):
 def new generation   total 157248K, used 157247K [0x05400000, 0x0fea0000, 0x0fea0000)
  eden space 139776K, 100% used [0x05400000, 0x0dc80000, 0x0dc80000)
  from space 17472K,  99% used [0x0dc80000, 0x0ed8fff0, 0x0ed90000)
  to   space 17472K,   0% used [0x0ed90000, 0x0ed90000, 0x0fea0000)
 tenured generation   total 349568K, used 349567K [0x0fea0000, 0x25400000, 0x25400000)
   the space 349568K,  99% used [0x0fea0000, 0x253ffff0, 0x25400000, 0x25400000)
 Metaspace       used 25761K, capacity 26325K, committed 26496K, reserved 27008K
}

Deoptimization events (0 events):
No events

Classes redefined (0 events):
No events

Internal exceptions (10 events):
Event: 87332.599 Thread 0x29878800 Exception <a 'java/io/IOException'> (0x0ed8d690) thrown at [C:\workspace\8-2-build-windows-i586-cygwin\jdk8u191\11896\hotspot\src\share\vm\prims\jni.cpp, line 709]
Event: 87332.599 Thread 0x29878800 Exception <a 'java/io/IOException'> (0x0ed8d918) thrown at [C:\workspace\8-2-build-windows-i586-cygwin\jdk8u191\11896\hotspot\src\share\vm\prims\jni.cpp, line 709]
Event: 87333.453 Thread 0x29878800 Exception <a 'java/lang/OutOfMemoryError'> (0x0fef84e8) thrown at [C:\workspace\8-2-build-windows-i586-cygwin\jdk8u191\11896\hotspot\src\share\vm\gc_interface/collectedHeap.inline.hpp, line 159]
Event: 87333.453 Thread 0x29878800 Exception <a 'java/lang/OutOfMemoryError'> (0x0fef84e8) thrown at [C:\workspace\8-2-build-windows-i586-cygwin\jdk8u191\11896\hotspot\src\share\vm\prims\jvm.cpp, line 1439]
Event: 87333.453 Thread 0x29878800 Exception <a 'java/lang/OutOfMemoryError'> (0x0fef84e8) thrown at [C:\workspace\8-2-build-windows-i586-cygwin\jdk8u191\11896\hotspot\src\share\vm\prims\jvm.cpp, line 1439]
Event: 87333.453 Thread 0x29878800 Exception <a 'java/io/IOException'> (0x0ed8d9d8) thrown at [C:\workspace\8-2-build-windows-i586-cygwin\jdk8u191\11896\hotspot\src\share\vm\prims\jni.cpp, line 709]
Event: 87333.453 Thread 0x29878800 Exception <a 'java/io/IOException'> (0x0ed8e8c8) thrown at [C:\workspace\8-2-build-windows-i586-cygwin\jdk8u191\11896\hotspot\src\share\vm\prims\jni.cpp, line 709]
Event: 87333.453 Thread 0x29878800 Exception <a 'java/io/IOException'> (0x0ed8ec28) thrown at [C:\workspace\8-2-build-windows-i586-cygwin\jdk8u191\11896\hotspot\src\share\vm\prims\jni.cpp, line 709]
Event: 87333.453 Thread 0x29878800 Exception <a 'java/io/IOException'> (0x0ed8ee70) thrown at [C:\workspace\8-2-build-windows-i586-cygwin\jdk8u191\11896\hotspot\src\share\vm\prims\jni.cpp, line 709]
Event: 87334.896 Thread 0x29d20000 Exception <a 'java/lang/OutOfMemoryError'> (0x0fef84e8) thrown at [C:\workspace\8-2-build-windows-i586-cygwin\jdk8u191\11896\hotspot\src\share\vm\gc_interface/collectedHeap.inline.hpp, line 159]

Events (10 events):
Event: 87333.453 Executing VM operation: GenCollectForAllocation done
Event: 87333.453 Executing VM operation: GenCollectForAllocation
Event: 87333.751 Executing VM operation: GenCollectForAllocation done
Event: 87333.751 Executing VM operation: GenCollectForAllocation
Event: 87334.028 Executing VM operation: GenCollectForAllocation done
Event: 87334.028 Executing VM operation: GenCollectForAllocation
Event: 87334.328 Executing VM operation: GenCollectForAllocation done
Event: 87334.328 Executing VM operation: GenCollectForAllocation
Event: 87334.895 Executing VM operation: GenCollectForAllocation done
Event: 87334.896 Executing VM operation: GenCollectForAllocation


Dynamic libraries:
0x00770000 - 0x007a3000 	C:\Program Files (x86)\Arduino\java\bin\javaw.exe
0x76f50000 - 0x770f3000 	C:\Windows\SYSTEM32\ntdll.dll
0x755e0000 - 0x756d0000 	C:\Windows\System32\KERNEL32.DLL
0x75d50000 - 0x75f68000 	C:\Windows\System32\KERNELBASE.dll
0x761a0000 - 0x7621b000 	C:\Windows\System32\ADVAPI32.dll
0x75520000 - 0x755df000 	C:\Windows\System32\msvcrt.dll
0x74eb0000 - 0x74f26000 	C:\Windows\System32\sechost.dll
0x756d0000 - 0x7578e000 	C:\Windows\System32\RPCRT4.dll
0x764a0000 - 0x7663c000 	C:\Windows\System32\USER32.dll
0x760e0000 - 0x760f8000 	C:\Windows\System32\win32u.dll
0x76c70000 - 0x76c93000 	C:\Windows\System32\GDI32.dll
0x76a90000 - 0x76b6c000 	C:\Windows\System32\gdi32full.dll
0x76120000 - 0x7619b000 	C:\Windows\System32\msvcp_win.dll
0x75400000 - 0x75520000 	C:\Windows\System32\ucrtbase.dll
0x735c0000 - 0x737d0000 	C:\Windows\WinSxS\x86_microsoft.windows.common-controls_6595b64144ccf1df_6.0.19041.1110_none_a8625c1886757984\COMCTL32.dll
0x76c40000 - 0x76c65000 	C:\Windows\System32\IMM32.DLL
0x6ff20000 - 0x6ffdf000 	C:\Program Files (x86)\Arduino\java\bin\msvcr100.dll
0x6eaf0000 - 0x6eec3000 	C:\Program Files (x86)\Arduino\java\bin\client\jvm.dll
0x76c30000 - 0x76c36000 	C:\Windows\System32\PSAPI.DLL
0x6c420000 - 0x6c428000 	C:\Windows\SYSTEM32\WSOCK32.dll
0x74470000 - 0x74498000 	C:\Windows\SYSTEM32\WINMM.dll
0x76d60000 - 0x76dc3000 	C:\Windows\System32\WS2_32.dll
0x737f0000 - 0x737f8000 	C:\Windows\SYSTEM32\VERSION.dll
0x70480000 - 0x704b0000 	C:\Program Files (x86)\Arduino\java\bin\splashscreen.dll
0x74570000 - 0x745e4000 	C:\Windows\system32\uxtheme.dll
0x76220000 - 0x7649f000 	C:\Windows\System32\combase.dll
0x73c90000 - 0x73c9c000 	C:\Program Files (x86)\Arduino\java\bin\verify.dll
0x70450000 - 0x70472000 	C:\Program Files (x86)\Arduino\java\bin\java.dll
0x73b70000 - 0x73b84000 	C:\Program Files (x86)\Arduino\java\bin\zip.dll
0x75f70000 - 0x76044000 	C:\Windows\System32\MSCTF.dll
0x74f30000 - 0x74fc6000 	C:\Windows\System32\OLEAUT32.dll
0x742b0000 - 0x742bf000 	C:\Windows\SYSTEM32\kernel.appcore.dll
0x76b70000 - 0x76bcf000 	C:\Windows\System32\bcryptPrimitives.dll
0x72040000 - 0x720f9000 	C:\Windows\SYSTEM32\textinputframework.dll
0x71d20000 - 0x71f9e000 	C:\Windows\System32\CoreUIComponents.dll
0x71fa0000 - 0x7203b000 	C:\Windows\System32\CoreMessaging.dll
0x76050000 - 0x760d7000 	C:\Windows\System32\SHCORE.dll
0x74c90000 - 0x74cb9000 	C:\Windows\SYSTEM32\ntmarta.dll
0x73b90000 - 0x73c6b000 	C:\Windows\SYSTEM32\wintypes.dll
0x75790000 - 0x75d46000 	C:\Windows\System32\SHELL32.dll
0x74680000 - 0x74c8c000 	C:\Windows\SYSTEM32\windows.storage.dll
0x74500000 - 0x74524000 	C:\Windows\SYSTEM32\Wldp.dll
0x753b0000 - 0x753f5000 	C:\Windows\System32\shlwapi.dll
0x742c0000 - 0x742d8000 	C:\Windows\SYSTEM32\profapi.dll
0x61940000 - 0x619b3000 	C:\Program Files (x86)\Arduino\lib\listSerialsj.dll
0x76640000 - 0x76a7b000 	C:\Windows\System32\SETUPAPI.dll
0x75360000 - 0x7539b000 	C:\Windows\System32\cfgmgr32.dll
0x76100000 - 0x76119000 	C:\Windows\System32\bcrypt.dll
0x714e0000 - 0x714fd000 	C:\Program Files (x86)\Arduino\lib\jnidispatch-4.2.2-win32-x86.dll
0x76e50000 - 0x76f33000 	C:\Windows\System32\Ole32.dll
0x70430000 - 0x70445000 	C:\Program Files (x86)\Arduino\java\bin\net.dll
0x6c830000 - 0x6c882000 	C:\Windows\system32\mswsock.dll
0x73c80000 - 0x73c8f000 	C:\Program Files (x86)\Arduino\java\bin\nio.dll
0x6f8a0000 - 0x6f9e7000 	C:\Program Files (x86)\Arduino\java\bin\awt.dll
0x5e7f0000 - 0x5e88f000 	C:\Windows\SYSTEM32\apphelp.dll
0x73b20000 - 0x73b46000 	C:\Windows\system32\DWMAPI.DLL
0x6fee0000 - 0x6ff19000 	C:\Program Files (x86)\Arduino\java\bin\fontmanager.dll
0x6f560000 - 0x6f664000 	C:\Windows\system32\opengl32.dll
0x6fea0000 - 0x6fedf000 	C:\Windows\SYSTEM32\GLU32.dll
0x6fbb0000 - 0x6fbe2000 	C:\Program Files (x86)\Arduino\java\bin\t2k.dll
0x71c40000 - 0x71c4a000 	C:\Program Files (x86)\Arduino\java\bin\management.dll
0x6ba60000 - 0x6ba71000 	C:\Windows\system32\napinsp.dll
0x6ba40000 - 0x6ba56000 	C:\Windows\system32\pnrpnsp.dll
0x6ba30000 - 0x6ba40000 	C:\Windows\system32\wshbth.dll
0x6ba10000 - 0x6ba26000 	C:\Windows\system32\NLAapi.dll
0x74de0000 - 0x74e12000 	C:\Windows\SYSTEM32\IPHLPAPI.DLL
0x6fd30000 - 0x6fdc1000 	C:\Windows\SYSTEM32\DNSAPI.dll
0x76a80000 - 0x76a87000 	C:\Windows\System32\NSI.dll
0x6ba00000 - 0x6ba0e000 	C:\Windows\System32\winrnr.dll
0x6c7c0000 - 0x6c819000 	C:\Windows\System32\fwpuclnt.dll
0x6c820000 - 0x6c828000 	C:\Windows\System32\rasadhlp.dll
0x6fd10000 - 0x6fd24000 	C:\Windows\SYSTEM32\dhcpcsvc6.DLL
0x6fcf0000 - 0x6fd06000 	C:\Windows\SYSTEM32\dhcpcsvc.DLL
0x73830000 - 0x73843000 	C:\Windows\SYSTEM32\CRYPTSP.dll
0x6fe60000 - 0x6fe8f000 	C:\Windows\system32\rsaenh.dll
0x74530000 - 0x74555000 	C:\Windows\SYSTEM32\USERENV.dll
0x73820000 - 0x7382a000 	C:\Windows\SYSTEM32\CRYPTBASE.dll
0x71c10000 - 0x71c34000 	C:\Windows\SYSTEM32\DEVOBJ.dll
0x75080000 - 0x750cd000 	C:\Windows\System32\WINTRUST.dll
0x75240000 - 0x7533a000 	C:\Windows\System32\CRYPT32.dll
0x742f0000 - 0x742fe000 	C:\Windows\SYSTEM32\MSASN1.dll
0x70410000 - 0x70430000 	C:\Program Files (x86)\Arduino\java\bin\sunec.dll
0x702e0000 - 0x702e9000 	C:\Program Files (x86)\Arduino\java\bin\sunmscapi.dll
0x6fb40000 - 0x6fba9000 	C:\Program Files (x86)\Arduino\msvcp100.dll
0x6f4a0000 - 0x6f55e000 	C:\Program Files (x86)\Arduino\msvcr100.dll
0x288b0000 - 0x288e2000 	C:\Program Files (x86)\Arduino\lib\AStylej.dll
0x6f870000 - 0x6f894000 	C:\Program Files (x86)\Arduino\java\bin\dcpr.dll
0x76dd0000 - 0x76e4e000 	C:\Windows\System32\clbcatq.dll
0x71360000 - 0x714d1000 	C:\Windows\SYSTEM32\WindowsCodecs.dll
0x718b0000 - 0x718e1000 	C:\Windows\system32\dataexchange.dll
0x71560000 - 0x71740000 	C:\Windows\system32\d3d11.dll
0x71740000 - 0x718a4000 	C:\Windows\system32\dcomp.dll
0x732c0000 - 0x73382000 	C:\Windows\system32\dxgi.dll
0x73430000 - 0x735bf000 	C:\Windows\system32\twinapi.appcore.dll
0x64000000 - 0x6401b000 	C:\Program Files (x86)\Arduino\lib\jSSC-2.8_x86.dll
0x73900000 - 0x73a88000 	C:\Windows\SYSTEM32\dbghelp.dll

VM Arguments:
jvm_args: -Dsun.java2d.d3d=false -Djna.nosys=true -Djna.nounpack=true -Djna.boot.library.name=jnidispatch-4.2.2-win32-x86 -Djna.boot.library.path=C:\Program Files (x86)\Arduino/lib -Djssc.library.path=C:\Program Files (x86)\Arduino/lib -DAPP_DIR=C:\Program Files (x86)\Arduino -Xms128M -Xmx512M -Dfile.encoding=UTF8 -Djava.net.preferIPv4Stack=true 
java_command: processing.app.Base C:\Users\pablo sanchez\Desktop\IN3\in3ator\IN3_FW\source\IN3_FW\Buzzer.ino
java_class_path (initial): C:\Program Files (x86)\Arduino\lib\apple.jar;C:\Program Files (x86)\Arduino\lib\arduino-core.jar;C:\Program Files (x86)\Arduino\lib\batik-1.8.jar;C:\Program Files (x86)\Arduino\lib\batik-anim-1.8.jar;C:\Program Files (x86)\Arduino\lib\batik-awt-util-1.8.jar;C:\Program Files (x86)\Arduino\lib\batik-bridge-1.8.jar;C:\Program Files (x86)\Arduino\lib\batik-codec-1.8.jar;C:\Program Files (x86)\Arduino\lib\batik-css-1.8.jar;C:\Program Files (x86)\Arduino\lib\batik-dom-1.8.jar;C:\Program Files (x86)\Arduino\lib\batik-ext-1.8.jar;C:\Program Files (x86)\Arduino\lib\batik-gvt-1.8.jar;C:\Program Files (x86)\Arduino\lib\batik-parser-1.8.jar;C:\Program Files (x86)\Arduino\lib\batik-rasterizer-1.8.jar;C:\Program Files (x86)\Arduino\lib\batik-script-1.8.jar;C:\Program Files (x86)\Arduino\lib\batik-squiggle-1.8.jar;C:\Program Files (x86)\Arduino\lib\batik-svg-dom-1.8.jar;C:\Program Files (x86)\Arduino\lib\batik-svgpp-1.8.jar;C:\Program Files (x86)\Arduino\lib\batik-transcoder-1.8.jar;C:\Program Files (x86)\Arduino\lib\batik-util-1.8.jar;C:\Program Files (x86)\Arduino\lib\batik-xml-1.8.jar;C:\Program Files (x86)\Arduino\lib\bcpg-jdk15on-152.jar;C:\Program Files (x86)\Arduino\lib\bcprov-jdk15on-152.jar;C:\Program Files (x86)\Arduino\lib\commons-codec-1.7.jar;C:\Program Files (x86)\Arduino\lib\commons-compress-1.8.jar;C:\Program Files (x86)\Arduino\lib\commons-exec-1.1.jar;C:\Program Files (x86)\Arduino\lib\commons-httpclient-3.1.jar;C:\Program Files (x86)\Arduino\lib\commons-lang3-3.8.1.jar;C:\Program Files (x86)\Arduino\lib\commons-logging-1.0.4.jar;C:\Program Files (x86)\Arduino\lib\commons-net-3.3.jar;C:\Program Files (x86)\Arduino\lib\commons-io-2.6.jar;C:\Program Files (x86)\Arduino\lib\jackson-annotations-2.9.5.jar;C:\Program Files (x86)\Arduino\lib\jackson-core-2.9.5.jar;C:\Program Files (x86)\Arduino\lib\jackson-databind-2.9.5.jar;C:\Program Files (x86)\Arduino\lib\java-semver-0.8.0.jar;C:\Program Files (x86)\Arduino\lib\jmdns-3.5.5.jar;C:\Program
Launcher Type: SUN_STANDARD

Environment Variables:
PATH=C:\Windows\system32;C:\Windows;C:\Windows\System32\Wbem;C:\Windows\System32\WindowsPowerShell\v1.0\;C:\Windows\System32\OpenSSH\;C:\Program Files\Git\cmd;C:\Program Files\PuTTY\;C:\Program Files\AutoFirma\AutoFirma;C:\Users\pablo sanchez\AppData\Local\Microsoft\WindowsApps;;C:\Users\pablo sanchez\AppData\Local\Programs\VS_Code\bin;C:\Program Files (x86)\Arduino\java\bin
USERNAME=pablo sanchez
OS=Windows_NT
PROCESSOR_IDENTIFIER=Intel64 Family 6 Model 141 Stepping 1, GenuineIntel



---------------  S Y S T E M  ---------------

OS: Windows 10.0 , 64 bit Build 19041 (10.0.19041.1706)

CPU:total 12 (initial active 12) (6 cores per cpu, 2 threads per core) family 6 model 141 stepping 1, cmov, cx8, fxsr, mmx, sse, sse2, sse3, ssse3, sse4.1, sse4.2, popcnt, avx, avx2, aes, clmul, erms, 3dnowpref, lzcnt, ht, tsc, tscinvbit, bmi1, bmi2, adx

Memory: 4k page, physical 16509876k(3808776k free), swap 31458096k(5486648k free)

vm_info: Java HotSpot(TM) Client VM (25.191-b12) for windows-x86 JRE (1.8.0_191-b12), built on Oct  6 2018 08:34:23 by "java_re" with MS VC++ 10.0 (VS2010)

time: Sat Jun 11 17:55:03 2022
elapsed time: 87334 seconds (1d 0h 15m 34s)

